<?xml version="1.0" encoding="UTF-8"?>
<testng-results ignored="0" total="1" passed="1" failed="0" skipped="0">
  <reporter-output>
  </reporter-output>
  <suite started-at="2022-09-05T11:05:25 IST" name="Default suite" finished-at="2022-09-05T11:05:29 IST" duration-ms="3757">
    <groups>
    </groups>
    <test started-at="2022-09-05T11:05:25 IST" name="Default test" finished-at="2022-09-05T11:05:29 IST" duration-ms="3757">
      <class name="JsonSchemaValidation.TypeRefExamples">
        <test-method signature="createBooking()[pri:0, instance:JsonSchemaValidation.TypeRefExamples@69e1dd28]" started-at="2022-09-05T11:05:25 IST" name="createBooking" finished-at="2022-09-05T11:05:29 IST" duration-ms="3715" status="PASS">
          <reporter-output>
          </reporter-output>
        </test-method> <!-- createBooking -->
      </class> <!-- JsonSchemaValidation.TypeRefExamples -->
    </test> <!-- Default test -->
  </suite> <!-- Default suite -->
</testng-results>
